This file contains any messages produced by compilers while
running configure, to aid debugging if configure makes a mistake.

It was created by test configure 1.0, which was
generated by GNU Autoconf 2.69.  Invocation command line was

  $ ./configure 

## --------- ##
## Platform. ##
## --------- ##

hostname = saki
uname -m = amd64
uname -r = 13.1-RELEASE
uname -s = FreeBSD
uname -v = FreeBSD 13.1-RELEASE releng/13.1-n250148-fc952ac2212 GENERIC

/usr/bin/uname -p = amd64
/bin/uname -X     = unknown

/bin/arch              = unknown
/usr/bin/arch -k       = unknown
/usr/convex/getsysinfo = unknown
/usr/bin/hostinfo      = unknown
/bin/machine           = unknown
/usr/bin/oslevel       = unknown
/bin/universe          = unknown

PATH: /home/frsk/perl5/bin
PATH: /sbin
PATH: /bin
PATH: /usr/sbin
PATH: /usr/bin
PATH: /usr/local/sbin
PATH: /usr/local/bin
PATH: /home/frsk/bin


## ----------- ##
## Core tests. ##
## ----------- ##

configure:1832: checking for a BSD-compatible install
configure:1900: result: /usr/bin/install -c
configure:1911: checking whether build environment is sane
configure:1966: result: yes
configure:2112: checking for a thread-safe mkdir -p
configure:2151: result: /usr/local/bin/gmkdir -p
configure:2158: checking for gawk
configure:2188: result: no
configure:2158: checking for mawk
configure:2188: result: no
configure:2158: checking for nawk
configure:2174: found /usr/bin/nawk
configure:2185: result: nawk
configure:2196: checking whether make sets $(MAKE)
configure:2218: result: yes
configure:2247: checking whether make supports nested variables
configure:2264: result: yes
configure:2460: checking for gcc
configure:2476: found /usr/local/bin/gcc
configure:2487: result: gcc
configure:2716: checking for C compiler version
configure:2725: gcc --version >&5
gcc (FreeBSD Ports Collection) 10.3.0
Copyright (C) 2020 Free Software Foundation, Inc.
This is free software; see the source for copying conditions.  There is NO
warranty; not even for MERCHANTABILITY or FITNESS FOR A PARTICULAR PURPOSE.

configure:2736: $? = 0
configure:2725: gcc -v >&5
Using built-in specs.
COLLECT_GCC=gcc
COLLECT_LTO_WRAPPER=/usr/local/libexec/gcc10/gcc/x86_64-portbld-freebsd13.0/10.3.0/lto-wrapper
Target: x86_64-portbld-freebsd13.0
Configured with: /wrkdirs/usr/ports/lang/gcc10/work/gcc-10.3.0/configure --enable-multilib --with-build-config=bootstrap-debug --disable-nls --enable-gnu-indirect-function --enable-plugin --libdir=/usr/local/lib/gcc10 --libexecdir=/usr/local/libexec/gcc10 --program-suffix=10 --with-as=/usr/local/bin/as --with-gmp=/usr/local --with-gxx-include-dir=/usr/local/lib/gcc10/include/c++/ --with-ld=/usr/local/bin/ld --with-pkgversion='FreeBSD Ports Collection' --with-system-zlib --without-zstd --enable-languages=c,c++,objc,fortran --prefix=/usr/local --localstatedir=/var --mandir=/usr/local/man --infodir=/usr/local/share/info/gcc10 --build=x86_64-portbld-freebsd13.0
Thread model: posix
Supported LTO compression algorithms: zlib
gcc version 10.3.0 (FreeBSD Ports Collection) 
configure:2736: $? = 0
configure:2725: gcc -V >&5
gcc: error: unrecognized command-line option '-V'
gcc: fatal error: no input files
compilation terminated.
configure:2736: $? = 1
configure:2725: gcc -qversion >&5
gcc: error: unrecognized command-line option '-qversion'; did you mean '--version'?
gcc: fatal error: no input files
compilation terminated.
configure:2736: $? = 1
configure:2756: checking whether the C compiler works
configure:2778: gcc    conftest.c  >&5
configure:2782: $? = 0
configure:2830: result: yes
configure:2833: checking for C compiler default output file name
configure:2835: result: a.out
configure:2841: checking for suffix of executables
configure:2848: gcc -o conftest    conftest.c  >&5
configure:2852: $? = 0
configure:2874: result: 
configure:2896: checking whether we are cross compiling
configure:2904: gcc -o conftest    conftest.c  >&5
configure:2908: $? = 0
configure:2915: ./conftest
configure:2919: $? = 0
configure:2934: result: no
configure:2939: checking for suffix of object files
configure:2961: gcc -c   conftest.c >&5
configure:2965: $? = 0
configure:2986: result: o
configure:2990: checking whether we are using the GNU C compiler
configure:3009: gcc -c   conftest.c >&5
configure:3009: $? = 0
configure:3018: result: yes
configure:3027: checking whether gcc accepts -g
configure:3047: gcc -c -g  conftest.c >&5
configure:3047: $? = 0
configure:3088: result: yes
configure:3105: checking for gcc option to accept ISO C89
configure:3168: gcc  -c -g -O2  conftest.c >&5
configure:3168: $? = 0
configure:3181: result: none needed
configure:3206: checking whether gcc understands -c and -o together
configure:3228: gcc -c conftest.c -o conftest2.o
configure:3231: $? = 0
configure:3228: gcc -c conftest.c -o conftest2.o
configure:3231: $? = 0
configure:3243: result: yes
configure:3263: checking whether make supports the include directive
configure:3278: make -f confmf.GNU && cat confinc.out
this is the am__doit target
configure:3281: $? = 0
configure:3300: result: yes (GNU style)
configure:3325: checking dependency style of gcc
configure:3436: result: gcc3
configure:3570: checking that generated files are newer than configure
configure:3576: result: done
configure:3599: creating ./config.status

## ---------------------- ##
## Running config.status. ##
## ---------------------- ##

This file was extended by test config.status 1.0, which was
generated by GNU Autoconf 2.69.  Invocation command line was

  CONFIG_FILES    = 
  CONFIG_HEADERS  = 
  CONFIG_LINKS    = 
  CONFIG_COMMANDS = 
  $ ./config.status 

on saki

config.status:843: creating Makefile
config.status:843: creating config.h
config.status:1072: executing depfiles commands
config.status:1147: cd .       && sed -e '/# am--include-marker/d' Makefile         | make -f - am--depfiles
config.status:1154: $? = 0

## ---------------- ##
## Cache variables. ##
## ---------------- ##

ac_cv_c_compiler_gnu=yes
ac_cv_env_CC_set=''
ac_cv_env_CC_value=''
ac_cv_env_CFLAGS_set=''
ac_cv_env_CFLAGS_value=''
ac_cv_env_CPPFLAGS_set=''
ac_cv_env_CPPFLAGS_value=''
ac_cv_env_LDFLAGS_set=''
ac_cv_env_LDFLAGS_value=''
ac_cv_env_LIBS_set=''
ac_cv_env_LIBS_value=''
ac_cv_env_build_alias_set=''
ac_cv_env_build_alias_value=''
ac_cv_env_host_alias_set=''
ac_cv_env_host_alias_value=''
ac_cv_env_target_alias_set=''
ac_cv_env_target_alias_value=''
ac_cv_objext=o
ac_cv_path_install='/usr/bin/install -c'
ac_cv_path_mkdir=/usr/local/bin/gmkdir
ac_cv_prog_AWK=nawk
ac_cv_prog_ac_ct_CC=gcc
ac_cv_prog_cc_c89=''
ac_cv_prog_cc_g=yes
ac_cv_prog_make_make_set=yes
am_cv_CC_dependencies_compiler_type=gcc3
am_cv_make_support_nested_variables=yes
am_cv_prog_cc_c_o=yes

## ----------------- ##
## Output variables. ##
## ----------------- ##

ACLOCAL='${SHELL} '\''/home/frsk/ex14/automake1/missing'\'' aclocal-1.16'
AMDEPBACKSLASH='\'
AMDEP_FALSE='#'
AMDEP_TRUE=''
AMTAR='$${TAR-tar}'
AM_BACKSLASH='\'
AM_DEFAULT_V='$(AM_DEFAULT_VERBOSITY)'
AM_DEFAULT_VERBOSITY='1'
AM_V='$(V)'
AUTOCONF='${SHELL} '\''/home/frsk/ex14/automake1/missing'\'' autoconf'
AUTOHEADER='${SHELL} '\''/home/frsk/ex14/automake1/missing'\'' autoheader'
AUTOMAKE='${SHELL} '\''/home/frsk/ex14/automake1/missing'\'' automake-1.16'
AWK='nawk'
CC='gcc'
CCDEPMODE='depmode=gcc3'
CFLAGS='-g -O2'
CPPFLAGS=''
CSCOPE='cscope'
CTAGS='ctags'
CYGPATH_W='echo'
DEFS='-DHAVE_CONFIG_H'
DEPDIR='.deps'
ECHO_C=''
ECHO_N='-n'
ECHO_T=''
ETAGS='etags'
EXEEXT=''
INSTALL_DATA='${INSTALL} -m 644'
INSTALL_PROGRAM='${INSTALL}'
INSTALL_SCRIPT='${INSTALL}'
INSTALL_STRIP_PROGRAM='$(install_sh) -c -s'
LDFLAGS=''
LIBOBJS=''
LIBS=''
LTLIBOBJS=''
MAKEINFO='${SHELL} '\''/home/frsk/ex14/automake1/missing'\'' makeinfo'
MKDIR_P='/usr/local/bin/gmkdir -p'
OBJEXT='o'
PACKAGE='test'
PACKAGE_BUGREPORT=''
PACKAGE_NAME='test'
PACKAGE_STRING='test 1.0'
PACKAGE_TARNAME='test'
PACKAGE_URL=''
PACKAGE_VERSION='1.0'
PATH_SEPARATOR=':'
SET_MAKE=''
SHELL='/bin/sh'
STRIP=''
VERSION='1.0'
ac_ct_CC='gcc'
am__EXEEXT_FALSE=''
am__EXEEXT_TRUE='#'
am__fastdepCC_FALSE='#'
am__fastdepCC_TRUE=''
am__include='include'
am__isrc=''
am__leading_dot='.'
am__nodep='_no'
am__quote=''
am__tar='$${TAR-tar} chof - "$$tardir"'
am__untar='$${TAR-tar} xf -'
bindir='${exec_prefix}/bin'
build_alias=''
datadir='${datarootdir}'
datarootdir='${prefix}/share'
docdir='${datarootdir}/doc/${PACKAGE_TARNAME}'
dvidir='${docdir}'
exec_prefix='${prefix}'
host_alias=''
htmldir='${docdir}'
includedir='${prefix}/include'
infodir='${datarootdir}/info'
install_sh='${SHELL} /home/frsk/ex14/automake1/install-sh'
libdir='${exec_prefix}/lib'
libexecdir='${exec_prefix}/libexec'
localedir='${datarootdir}/locale'
localstatedir='${prefix}/var'
mandir='${datarootdir}/man'
mkdir_p='$(MKDIR_P)'
oldincludedir='/usr/include'
pdfdir='${docdir}'
prefix='/usr/local'
program_transform_name='s,x,x,'
psdir='${docdir}'
sbindir='${exec_prefix}/sbin'
sharedstatedir='${prefix}/com'
sysconfdir='${prefix}/etc'
target_alias=''

## ----------- ##
## confdefs.h. ##
## ----------- ##

/* confdefs.h */
#define PACKAGE_NAME "test"
#define PACKAGE_TARNAME "test"
#define PACKAGE_VERSION "1.0"
#define PACKAGE_STRING "test 1.0"
#define PACKAGE_BUGREPORT ""
#define PACKAGE_URL ""
#define PACKAGE "test"
#define VERSION "1.0"
#define TEST_DEF 14

configure: exit 0

## ---------------------- ##
## Running config.status. ##
## ---------------------- ##

This file was extended by test config.status 1.0, which was
generated by GNU Autoconf 2.69.  Invocation command line was

  CONFIG_FILES    = 
  CONFIG_HEADERS  = 
  CONFIG_LINKS    = 
  CONFIG_COMMANDS = 
  $ ./config.status config.h

on saki

config.status:843: creating config.h
